<?xml version="1.0" encoding="UTF-8"?>
<!-- Generated by org.testng.reporters.JUnitReportReporter -->
<testsuite hostname="Venkateshs-MacBook-Air.local" failures="0" tests="1" name="runner.Runner" time="11.043" errors="0" timestamp="2023-09-14T23:24:43 BST" skipped="0">
  <testcase classname="runner.Runner" name="runScenario" time="11.043"/>
</testsuite> <!-- runner.Runner -->
