<?xml version="1.0" encoding="UTF-8"?>
<!-- Generated by org.testng.reporters.JUnitReportReporter -->
<testsuite hostname="Venkateshs-MacBook-Air.local" failures="0" tests="1" name="tests.ThreeTest" time="9.628" errors="0" timestamp="2023-09-14T20:55:37 BST" skipped="0">
  <testcase classname="tests.ThreeTest" name="testThree" time="9.628"/>
</testsuite> <!-- tests.ThreeTest -->
