<?xml version="1.0" encoding="UTF-8"?>
<!-- Generated by org.testng.reporters.JUnitReportReporter -->
<testsuite hostname="Venkateshs-MacBook-Air.local" failures="0" tests="1" name="tests.TwoTest" time="9.375" errors="0" timestamp="2023-09-14T20:55:37 BST" skipped="0">
  <testcase classname="tests.TwoTest" name="testTwo" time="9.375"/>
</testsuite> <!-- tests.TwoTest -->
