<?xml version="1.0" encoding="UTF-8"?>
<!-- Generated by org.testng.reporters.JUnitReportReporter -->
<testsuite hostname="Venkateshs-MacBook-Air.local" failures="0" tests="1" name="runner.Runner" time="10.846" errors="0" timestamp="2023-09-14T23:27:47 BST" skipped="0">
  <testcase classname="runner.Runner" name="runScenario" time="10.846"/>
</testsuite> <!-- runner.Runner -->
