<?xml version="1.0" encoding="UTF-8"?>
<!-- Generated by org.testng.reporters.JUnitReportReporter -->
<testsuite hostname="Venkateshs-MacBook-Air.local" failures="0" tests="2" name="tests.LoginTest" time="28.194" errors="0" timestamp="2023-09-14T01:05:18 BST" skipped="0">
  <testcase classname="tests.LoginTest" name="login" time="12.153"/>
  <testcase classname="tests.LoginTest" name="login" time="16.041"/>
</testsuite> <!-- tests.LoginTest -->
